Using pre-set license
Built from '2022.3/release' branch; Version is '2022.3.5f1 (9674261d40ee) revision 9860134'; Using compiler version '192829333'; Build Type 'Release'
OS: 'Windows 11  (10.0.26100) 64bit Core' Language: 'en' Physical Memory: 16088 MB
BatchMode: 1, IsHumanControllingUs: 0, StartBugReporterOnCrash: 0, Is64bit: 1, IsPro: 1

COMMAND LINE ARGUMENTS:
C:\Program Files\Unity\Hub\Editor\2022.3.5f1\Editor\Unity.exe
-adb2
-batchMode
-noUpm
-name
AssetImportWorker4
-projectPath
C:/Users/syh/My project
-logFile
Logs/AssetImportWorker4.log
-srvPort
53162
Successfully changed project path to: C:/Users/syh/My project
C:/Users/syh/My project
[UnityMemory] Configuration Parameters - Can be set up in boot.config
    "memorysetup-bucket-allocator-granularity=16"
    "memorysetup-bucket-allocator-bucket-count=8"
    "memorysetup-bucket-allocator-block-size=33554432"
    "memorysetup-bucket-allocator-block-count=8"
    "memorysetup-main-allocator-block-size=16777216"
    "memorysetup-thread-allocator-block-size=16777216"
    "memorysetup-gfx-main-allocator-block-size=16777216"
    "memorysetup-gfx-thread-allocator-block-size=16777216"
    "memorysetup-cache-allocator-block-size=4194304"
    "memorysetup-typetree-allocator-block-size=2097152"
    "memorysetup-profiler-bucket-allocator-granularity=16"
    "memorysetup-profiler-bucket-allocator-bucket-count=8"
    "memorysetup-profiler-bucket-allocator-block-size=33554432"
    "memorysetup-profiler-bucket-allocator-block-count=8"
    "memorysetup-profiler-allocator-block-size=16777216"
    "memorysetup-profiler-editor-allocator-block-size=1048576"
    "memorysetup-temp-allocator-size-main=16777216"
    "memorysetup-job-temp-allocator-block-size=2097152"
    "memorysetup-job-temp-allocator-block-size-background=1048576"
    "memorysetup-job-temp-allocator-reduction-small-platforms=262144"
    "memorysetup-allocator-temp-initial-block-size-main=262144"
    "memorysetup-allocator-temp-initial-block-size-worker=262144"
    "memorysetup-temp-allocator-size-background-worker=32768"
    "memorysetup-temp-allocator-size-job-worker=262144"
    "memorysetup-temp-allocator-size-preload-manager=33554432"
    "memorysetup-temp-allocator-size-nav-mesh-worker=65536"
    "memorysetup-temp-allocator-size-audio-worker=65536"
    "memorysetup-temp-allocator-size-cloud-worker=32768"
    "memorysetup-temp-allocator-size-gi-baking-worker=262144"
    "memorysetup-temp-allocator-size-gfx=262144"
Player connection [22132] Host "[IP] 192.168.50.105 [Port] 0 [Flags] 2 [Guid] 3165994394 [EditorId] 3165994394 [Version] 1048832 [Id] WindowsEditor(7,LAPTOP-JIE0K45D) [Debug] 1 [PackageName] WindowsEditor [ProjectName] Editor" joined multi-casting on [225.0.0.222:54997]...

Player connection [22132] Host "[IP] 192.168.50.105 [Port] 0 [Flags] 2 [Guid] 3165994394 [EditorId] 3165994394 [Version] 1048832 [Id] WindowsEditor(7,LAPTOP-JIE0K45D) [Debug] 1 [PackageName] WindowsEditor [ProjectName] Editor" joined alternative multi-casting on [225.0.0.222:34997]...

Refreshing native plugins compatible for Editor in 7.92 ms, found 3 plugins.
Preloading 0 native plugins for Editor in 0.00 ms.
Initialize engine version: 2022.3.5f1 (9674261d40ee)
[Subsystems] Discovering subsystems at path C:/Program Files/Unity/Hub/Editor/2022.3.5f1/Editor/Data/Resources/UnitySubsystems
[Subsystems] Discovering subsystems at path C:/Users/syh/My project/Assets
GfxDevice: creating device client; threaded=0; jobified=0
Direct3D:
    Version:  Direct3D 11.0 [level 11.1]
    Renderer: NVIDIA GeForce RTX 3070 Laptop GPU (ID=0x249d)
    Vendor:   NVIDIA
    VRAM:     8020 MB
    Driver:   32.0.15.7283
Initialize mono
Mono path[0] = 'C:/Program Files/Unity/Hub/Editor/2022.3.5f1/Editor/Data/Managed'
Mono path[1] = 'C:/Program Files/Unity/Hub/Editor/2022.3.5f1/Editor/Data/MonoBleedingEdge/lib/mono/unityjit-win32'
Mono config path = 'C:/Program Files/Unity/Hub/Editor/2022.3.5f1/Editor/Data/MonoBleedingEdge/etc'
Using monoOptions --debugger-agent=transport=dt_socket,embedding=1,server=y,suspend=n,address=127.0.0.1:56120
Begin MonoManager ReloadAssembly
Registering precompiled unity dll's ...
Register platform support module: C:/Program Files/Unity/Hub/Editor/2022.3.5f1/Editor/Data/PlaybackEngines/WindowsStandaloneSupport/UnityEditor.WindowsStandalone.Extensions.dll
Registered in 0.005608 seconds.
- Loaded All Assemblies, in  0.244 seconds
Native extension for WindowsStandalone target not found
Mono: successfully reloaded assembly
- Finished resetting the current domain, in  0.186 seconds
Domain Reload Profiling: 428ms
	BeginReloadAssembly (72ms)
		ExecutionOrderSort (0ms)
		DisableScriptedObjects (0ms)
		BackupInstance (0ms)
		ReleaseScriptingObjects (0ms)
		CreateAndSetChildDomain (1ms)
	RebuildCommonClasses (25ms)
	RebuildNativeTypeToScriptingClass (7ms)
	initialDomainReloadingComplete (44ms)
	LoadAllAssembliesAndSetupDomain (93ms)
		LoadAssemblies (70ms)
		RebuildTransferFunctionScriptingTraits (0ms)
		AnalyzeDomain (88ms)
			TypeCache.Refresh (87ms)
				TypeCache.ScanAssembly (78ms)
			ScanForSourceGeneratedMonoScriptInfo (0ms)
			ResolveRequiredComponents (0ms)
	FinalizeReload (186ms)
		ReleaseScriptCaches (0ms)
		RebuildScriptCaches (0ms)
		SetupLoadedEditorAssemblies (143ms)
			LogAssemblyErrors (0ms)
			InitializePlatformSupportModulesInManaged (7ms)
			SetLoadedEditorAssemblies (5ms)
			RefreshPlugins (0ms)
			BeforeProcessingInitializeOnLoad (1ms)
			ProcessInitializeOnLoadAttributes (95ms)
			ProcessInitializeOnLoadMethodAttributes (34ms)
			AfterProcessingInitializeOnLoad (0ms)
			EditorAssembliesLoaded (0ms)
		ExecutionOrderSort2 (0ms)
		AwakeInstancesAfterBackupRestoration (0ms)
========================================================================
Worker process is ready to serve import requests
Begin MonoManager ReloadAssembly
Symbol file LoadedFromMemory doesn't match image C:\Users\syh\My project\Library\PackageCache\com.unity.visualscripting@1.8.0\Editor\VisualScripting.Core\Dependencies\YamlDotNet\Unity.VisualScripting.YamlDotNet.dll
Symbol file LoadedFromMemory doesn't match image C:\Users\syh\My project\Library\PackageCache\com.unity.visualscripting@1.8.0\Editor\VisualScripting.Core\Dependencies\DotNetZip\Unity.VisualScripting.IonicZip.dll
- Loaded All Assemblies, in  0.554 seconds
Refreshing native plugins compatible for Editor in 2.13 ms, found 3 plugins.
Native extension for WindowsStandalone target not found
Mono: successfully reloaded assembly
- Finished resetting the current domain, in  0.378 seconds
Domain Reload Profiling: 930ms
	BeginReloadAssembly (104ms)
		ExecutionOrderSort (0ms)
		DisableScriptedObjects (4ms)
		BackupInstance (0ms)
		ReleaseScriptingObjects (0ms)
		CreateAndSetChildDomain (18ms)
	RebuildCommonClasses (23ms)
	RebuildNativeTypeToScriptingClass (8ms)
	initialDomainReloadingComplete (34ms)
	LoadAllAssembliesAndSetupDomain (383ms)
		LoadAssemblies (232ms)
		RebuildTransferFunctionScriptingTraits (0ms)
		AnalyzeDomain (200ms)
			TypeCache.Refresh (188ms)
				TypeCache.ScanAssembly (179ms)
			ScanForSourceGeneratedMonoScriptInfo (11ms)
			ResolveRequiredComponents (2ms)
	FinalizeReload (379ms)
		ReleaseScriptCaches (0ms)
		RebuildScriptCaches (0ms)
		SetupLoadedEditorAssemblies (279ms)
			LogAssemblyErrors (0ms)
			InitializePlatformSupportModulesInManaged (4ms)
			SetLoadedEditorAssemblies (2ms)
			RefreshPlugins (0ms)
			BeforeProcessingInitializeOnLoad (42ms)
			ProcessInitializeOnLoadAttributes (210ms)
			ProcessInitializeOnLoadMethodAttributes (15ms)
			AfterProcessingInitializeOnLoad (5ms)
			EditorAssembliesLoaded (0ms)
		ExecutionOrderSort2 (0ms)
		AwakeInstancesAfterBackupRestoration (6ms)
Launched and connected shader compiler UnityShaderCompiler.exe after 0.06 seconds
Refreshing native plugins compatible for Editor in 4.39 ms, found 3 plugins.
Preloading 0 native plugins for Editor in 0.00 ms.
Unloading 3222 Unused Serialized files (Serialized files now loaded: 0)
Unloading 30 unused Assets / (56.7 KB). Loaded Objects now: 3708.
Memory consumption went from 130.0 MB to 129.9 MB.
Total: 5.539600 ms (FindLiveObjects: 0.448000 ms CreateObjectMapping: 0.223900 ms MarkObjects: 4.584300 ms  DeleteObjects: 0.280900 ms)

AssetImportParameters requested are different than current active one (requested -> active):
  custom:container-demuxer-ogg: 62fdf1f143b41e24485cea50d1cbac27 -> 
  custom:video-decoder-ogg-theora: a1e56fd34408186e4bbccfd4996cb3dc -> 
  custom:framework-win-MediaFoundation: 216162199b28c13a410421893ffa2e32 -> 
  custom:CustomObjectIndexerAttribute: 756ad292c208cfabdd7b50bc23989ffe -> 
  custom:container-demuxer-webm: 4f35f7cbe854078d1ac9338744f61a02 -> 
  custom:container-muxer-webm: aa71ff27fc2769a1b78a27578f13a17b -> 
  custom:video-decoder-webm-vp8: 9c59270c3fd7afecdb556c50c9e8de78 -> 
  custom:AudioImporter_EditorPlatform: d09bf68614088b80899f8185d706f6e7 -> 
  custom:video-encoder-webm-vp8: eb34c28f22e8b96e1ab97ce403110664 -> 
  custom:audio-decoder-ogg-vorbis: bf7c407c2cedff20999df2af8eb42d56 -> 
  custom:audio-encoder-webm-vorbis: bf7c407c2cedff20999df2af8eb42d56 -> 
========================================================================
Received Import Request.
  Time since last request: 35515.508941 seconds.
  path: Assets/SimpleNaturePack/Materials/SimpleNaturePack_BG.mat
  artifactKey: Guid(886ecf0ee44718246aa083d8aad49b79) Importer(815301076,1909f56bfc062723c751e8b465ee728b)
Start importing Assets/SimpleNaturePack/Materials/SimpleNaturePack_BG.mat using Guid(886ecf0ee44718246aa083d8aad49b79) Importer(815301076,1909f56bfc062723c751e8b465ee728b)  -> (artifact id: 'f9faf58e7c38c4cbfa2059e1caeb886e') in 0.157088 seconds
Number of updated asset objects reloaded before import = 0
Number of asset objects unloaded after import = 1
========================================================================
Received Import Request.
  Time since last request: 5.990296 seconds.
  path: Assets/SimpleNaturePack/Textures
  artifactKey: Guid(2d44b6cffc02046488649c55d0f4d79e) Importer(815301076,1909f56bfc062723c751e8b465ee728b)
Start importing Assets/SimpleNaturePack/Textures using Guid(2d44b6cffc02046488649c55d0f4d79e) Importer(815301076,1909f56bfc062723c751e8b465ee728b)  -> (artifact id: '770fad22d1031dc1df97cdee8f02eae1') in 0.000494 seconds
Number of updated asset objects reloaded before import = 0
Number of asset objects unloaded after import = 0
========================================================================
Received Import Request.
  Time since last request: 0.073955 seconds.
  path: Assets/SimpleNaturePack/Textures/NaturePackLite_Texture_01.png
  artifactKey: Guid(28a51d508c86a8948b59df81d5188b17) Importer(815301076,1909f56bfc062723c751e8b465ee728b)
Start importing Assets/SimpleNaturePack/Textures/NaturePackLite_Texture_01.png using Guid(28a51d508c86a8948b59df81d5188b17) Importer(815301076,1909f56bfc062723c751e8b465ee728b)  -> (artifact id: 'dcad6de014dafa965d5e709e7bc51f8d') in 0.024322 seconds
Number of updated asset objects reloaded before import = 0
Number of asset objects unloaded after import = 2
========================================================================
Received Import Request.
  Time since last request: 86.106821 seconds.
  path: Assets/SimpleNaturePack/Prefabs/Branch_01.prefab
  artifactKey: Guid(b9de24523a11d714db3851b5f0f9d527) Importer(815301076,1909f56bfc062723c751e8b465ee728b)
Start importing Assets/SimpleNaturePack/Prefabs/Branch_01.prefab using Guid(b9de24523a11d714db3851b5f0f9d527) Importer(815301076,1909f56bfc062723c751e8b465ee728b)  -> (artifact id: '82ef8f2c0c8e864096ed2bc13d9bfc04') in 0.031197 seconds
Number of updated asset objects reloaded before import = 0
Number of asset objects unloaded after import = 10
========================================================================
Received Import Request.
  Time since last request: 0.000023 seconds.
  path: Assets/SimpleNaturePack/Prefabs/Bush_03.prefab
  artifactKey: Guid(34d3f526198dae440bb2ce6005d86055) Importer(815301076,1909f56bfc062723c751e8b465ee728b)
Start importing Assets/SimpleNaturePack/Prefabs/Bush_03.prefab using Guid(34d3f526198dae440bb2ce6005d86055) Importer(815301076,1909f56bfc062723c751e8b465ee728b)  -> (artifact id: '44bc958545f6316b66a0b12b23a896ae') in 0.023318 seconds
Number of updated asset objects reloaded before import = 0
Number of asset objects unloaded after import = 18
========================================================================
Received Import Request.
  Time since last request: 1.222565 seconds.
  path: Assets/SimpleNaturePack/Prefabs/Flowers_01.prefab
  artifactKey: Guid(ac8efb728f1fb9b4092c4df591c827ca) Importer(815301076,1909f56bfc062723c751e8b465ee728b)
Start importing Assets/SimpleNaturePack/Prefabs/Flowers_01.prefab using Guid(ac8efb728f1fb9b4092c4df591c827ca) Importer(815301076,1909f56bfc062723c751e8b465ee728b)  -> (artifact id: 'c1c6fc67f950bd8bc9dfc33ce06fb39a') in 0.026214 seconds
Number of updated asset objects reloaded before import = 0
Number of asset objects unloaded after import = 18
========================================================================
Received Import Request.
  Time since last request: 0.331506 seconds.
  path: Assets/SimpleNaturePack/Prefabs/Flowers_02.prefab
  artifactKey: Guid(299e7a1cb6456cf4fa6079cf5978df9b) Importer(815301076,1909f56bfc062723c751e8b465ee728b)
Start importing Assets/SimpleNaturePack/Prefabs/Flowers_02.prefab using Guid(299e7a1cb6456cf4fa6079cf5978df9b) Importer(815301076,1909f56bfc062723c751e8b465ee728b)  -> (artifact id: '15404bc5a8b99249c4dd4ab9d6b15ab3') in 0.019648 seconds
Number of updated asset objects reloaded before import = 0
Number of asset objects unloaded after import = 18
========================================================================
Received Import Request.
  Time since last request: 0.044222 seconds.
  path: Assets/SimpleNaturePack/Prefabs/Grass_01.prefab
  artifactKey: Guid(f1fc5bb90ac285e4486771552d63bcb8) Importer(815301076,1909f56bfc062723c751e8b465ee728b)
Start importing Assets/SimpleNaturePack/Prefabs/Grass_01.prefab using Guid(f1fc5bb90ac285e4486771552d63bcb8) Importer(815301076,1909f56bfc062723c751e8b465ee728b)  -> (artifact id: 'bb4c910298b43c00159815a12e4b0014') in 0.021054 seconds
Number of updated asset objects reloaded before import = 0
Number of asset objects unloaded after import = 18
========================================================================
Received Import Request.
  Time since last request: 0.880341 seconds.
  path: Assets/SimpleNaturePack/Prefabs/Grass_02.prefab
  artifactKey: Guid(ffbddc4ef9676cc419e81e06aaa836d8) Importer(815301076,1909f56bfc062723c751e8b465ee728b)
Start importing Assets/SimpleNaturePack/Prefabs/Grass_02.prefab using Guid(ffbddc4ef9676cc419e81e06aaa836d8) Importer(815301076,1909f56bfc062723c751e8b465ee728b)  -> (artifact id: '5b3c5e0b64acdf2ba400c6e7d4b353f1') in 0.023655 seconds
Number of updated asset objects reloaded before import = 0
Number of asset objects unloaded after import = 18
========================================================================
Received Import Request.
  Time since last request: 9.852700 seconds.
  path: Assets/SimpleNaturePack/Prefabs/Ground_01.prefab
  artifactKey: Guid(ebee340de387f334f9ac44e044abd8fb) Importer(815301076,1909f56bfc062723c751e8b465ee728b)
Start importing Assets/SimpleNaturePack/Prefabs/Ground_01.prefab using Guid(ebee340de387f334f9ac44e044abd8fb) Importer(815301076,1909f56bfc062723c751e8b465ee728b)  -> (artifact id: '198a9649f5d04d85f345471148a729da') in 0.016291 seconds
Number of updated asset objects reloaded before import = 0
Number of asset objects unloaded after import = 10
========================================================================
Received Import Request.
  Time since last request: 0.015287 seconds.
  path: Assets/SimpleNaturePack/Prefabs/Ground_02.prefab
  artifactKey: Guid(e2e682b966e3f644392ffbfab511e0e2) Importer(815301076,1909f56bfc062723c751e8b465ee728b)
Start importing Assets/SimpleNaturePack/Prefabs/Ground_02.prefab using Guid(e2e682b966e3f644392ffbfab511e0e2) Importer(815301076,1909f56bfc062723c751e8b465ee728b)  -> (artifact id: 'f47ff014fe28692002c636e1669baa32') in 0.015088 seconds
Number of updated asset objects reloaded before import = 0
Number of asset objects unloaded after import = 10
========================================================================
Received Import Request.
  Time since last request: 0.309552 seconds.
  path: Assets/SimpleNaturePack/Prefabs/Ground_03.prefab
  artifactKey: Guid(3f9b178ccd3b86f4ebbfc1f5a2815e56) Importer(815301076,1909f56bfc062723c751e8b465ee728b)
Start importing Assets/SimpleNaturePack/Prefabs/Ground_03.prefab using Guid(3f9b178ccd3b86f4ebbfc1f5a2815e56) Importer(815301076,1909f56bfc062723c751e8b465ee728b)  -> (artifact id: '1a2e7d9a8a5f5b7fedf7e7425a044845') in 0.016817 seconds
Number of updated asset objects reloaded before import = 0
Number of asset objects unloaded after import = 10
========================================================================
Received Import Request.
  Time since last request: 0.011542 seconds.
  path: Assets/SimpleNaturePack/Prefabs/Mushroom_01.prefab
  artifactKey: Guid(ff62b58c5a9ea164fa8ddf8038e10cd1) Importer(815301076,1909f56bfc062723c751e8b465ee728b)
Start importing Assets/SimpleNaturePack/Prefabs/Mushroom_01.prefab using Guid(ff62b58c5a9ea164fa8ddf8038e10cd1) Importer(815301076,1909f56bfc062723c751e8b465ee728b)  -> (artifact id: '5abeb72ecbd25db5d04d5182e6accb67') in 0.014506 seconds
Number of updated asset objects reloaded before import = 0
Number of asset objects unloaded after import = 18
========================================================================
Received Import Request.
  Time since last request: 0.874086 seconds.
  path: Assets/SimpleNaturePack/Prefabs/Mushroom_02.prefab
  artifactKey: Guid(494f6d43e170e9145bc7865d243ee00b) Importer(815301076,1909f56bfc062723c751e8b465ee728b)
Start importing Assets/SimpleNaturePack/Prefabs/Mushroom_02.prefab using Guid(494f6d43e170e9145bc7865d243ee00b) Importer(815301076,1909f56bfc062723c751e8b465ee728b)  -> (artifact id: '761956e3f3bd88cdad3e5b5fa7d3265f') in 0.018256 seconds
Number of updated asset objects reloaded before import = 0
Number of asset objects unloaded after import = 18
========================================================================
Received Import Request.
  Time since last request: 0.013678 seconds.
  path: Assets/SimpleNaturePack/Prefabs/Rock_01.prefab
  artifactKey: Guid(c6308cb7062fac34e8e50600086b12a1) Importer(815301076,1909f56bfc062723c751e8b465ee728b)
Start importing Assets/SimpleNaturePack/Prefabs/Rock_01.prefab using Guid(c6308cb7062fac34e8e50600086b12a1) Importer(815301076,1909f56bfc062723c751e8b465ee728b)  -> (artifact id: '916ad13cbe5f5e942a02444243b4fac3') in 0.015151 seconds
Number of updated asset objects reloaded before import = 0
Number of asset objects unloaded after import = 10
========================================================================
Received Import Request.
  Time since last request: 0.572120 seconds.
  path: Assets/SimpleNaturePack/Prefabs/Rock_02.prefab
  artifactKey: Guid(cebfacc247a640945a2c30b442202fca) Importer(815301076,1909f56bfc062723c751e8b465ee728b)
Start importing Assets/SimpleNaturePack/Prefabs/Rock_02.prefab using Guid(cebfacc247a640945a2c30b442202fca) Importer(815301076,1909f56bfc062723c751e8b465ee728b)  -> (artifact id: 'f3278d64b1f99978d87d3f4bf7a33385') in 0.016518 seconds
Number of updated asset objects reloaded before import = 0
Number of asset objects unloaded after import = 10
========================================================================
Received Import Request.
  Time since last request: 0.341292 seconds.
  path: Assets/SimpleNaturePack/Prefabs/Rock_03.prefab
  artifactKey: Guid(0fde05fa0f3321942a21896ff4f0856f) Importer(815301076,1909f56bfc062723c751e8b465ee728b)
Start importing Assets/SimpleNaturePack/Prefabs/Rock_03.prefab using Guid(0fde05fa0f3321942a21896ff4f0856f) Importer(815301076,1909f56bfc062723c751e8b465ee728b)  -> (artifact id: 'dc4189410e6ec60902eb7874460e91e4') in 0.016889 seconds
Number of updated asset objects reloaded before import = 0
Number of asset objects unloaded after import = 10
========================================================================
Received Import Request.
  Time since last request: 0.348430 seconds.
  path: Assets/SimpleNaturePack/Prefabs/Rock_04.prefab
  artifactKey: Guid(f02116c209ecd9e488fc4d2cd8996133) Importer(815301076,1909f56bfc062723c751e8b465ee728b)
Start importing Assets/SimpleNaturePack/Prefabs/Rock_04.prefab using Guid(f02116c209ecd9e488fc4d2cd8996133) Importer(815301076,1909f56bfc062723c751e8b465ee728b)  -> (artifact id: '7ef5a93bea9db9ac3eace3b2961d8f68') in 0.016312 seconds
Number of updated asset objects reloaded before import = 0
Number of asset objects unloaded after import = 10
========================================================================
Received Import Request.
  Time since last request: 0.028882 seconds.
  path: Assets/SimpleNaturePack/Prefabs/Rock_05.prefab
  artifactKey: Guid(a778b631c6253a04899cb31bad047c81) Importer(815301076,1909f56bfc062723c751e8b465ee728b)
Start importing Assets/SimpleNaturePack/Prefabs/Rock_05.prefab using Guid(a778b631c6253a04899cb31bad047c81) Importer(815301076,1909f56bfc062723c751e8b465ee728b)  -> (artifact id: 'ee99452eb2989b15844234d12e53e566') in 0.016641 seconds
Number of updated asset objects reloaded before import = 0
Number of asset objects unloaded after import = 10
========================================================================
Received Import Request.
  Time since last request: 0.008976 seconds.
  path: Assets/SimpleNaturePack/Prefabs/Stump_01.prefab
  artifactKey: Guid(eebb56c82efbd8d4bb0eb6bd925a0e9d) Importer(815301076,1909f56bfc062723c751e8b465ee728b)
Start importing Assets/SimpleNaturePack/Prefabs/Stump_01.prefab using Guid(eebb56c82efbd8d4bb0eb6bd925a0e9d) Importer(815301076,1909f56bfc062723c751e8b465ee728b)  -> (artifact id: '791490482f84650ca30df241b6cfde76') in 0.014022 seconds
Number of updated asset objects reloaded before import = 0
Number of asset objects unloaded after import = 18
========================================================================
Received Import Request.
  Time since last request: 0.290150 seconds.
  path: Assets/SimpleNaturePack/Prefabs/Tree_01.prefab
  artifactKey: Guid(88f2fd29f58b9734683512546acec310) Importer(815301076,1909f56bfc062723c751e8b465ee728b)
Start importing Assets/SimpleNaturePack/Prefabs/Tree_01.prefab using Guid(88f2fd29f58b9734683512546acec310) Importer(815301076,1909f56bfc062723c751e8b465ee728b)  -> (artifact id: 'fd4a36fcae1909ec7e4fa44e33b91bc0') in 0.015991 seconds
Number of updated asset objects reloaded before import = 0
Number of asset objects unloaded after import = 18
========================================================================
Received Import Request.
  Time since last request: 0.012034 seconds.
  path: Assets/SimpleNaturePack/Prefabs/Tree_02.prefab
  artifactKey: Guid(e289bf5debb17f6459818c207d781953) Importer(815301076,1909f56bfc062723c751e8b465ee728b)
Start importing Assets/SimpleNaturePack/Prefabs/Tree_02.prefab using Guid(e289bf5debb17f6459818c207d781953) Importer(815301076,1909f56bfc062723c751e8b465ee728b)  -> (artifact id: 'cf90eb902b015db53eb7efed39c23a96') in 0.016383 seconds
Number of updated asset objects reloaded before import = 0
Number of asset objects unloaded after import = 18
========================================================================
Received Import Request.
  Time since last request: 0.379700 seconds.
  path: Assets/SimpleNaturePack/Prefabs/Tree_03.prefab
  artifactKey: Guid(c60edd51c065ceb46b345849a03bc106) Importer(815301076,1909f56bfc062723c751e8b465ee728b)
Start importing Assets/SimpleNaturePack/Prefabs/Tree_03.prefab using Guid(c60edd51c065ceb46b345849a03bc106) Importer(815301076,1909f56bfc062723c751e8b465ee728b)  -> (artifact id: '7f27debbd58025408baa3387f4d313b5') in 0.019112 seconds
Number of updated asset objects reloaded before import = 0
Number of asset objects unloaded after import = 18
========================================================================
Received Import Request.
  Time since last request: 0.107014 seconds.
  path: Assets/SimpleNaturePack/Prefabs/Tree_04.prefab
  artifactKey: Guid(f0c16f0ea935ea64297ca1d4d55d9746) Importer(815301076,1909f56bfc062723c751e8b465ee728b)
Start importing Assets/SimpleNaturePack/Prefabs/Tree_04.prefab using Guid(f0c16f0ea935ea64297ca1d4d55d9746) Importer(815301076,1909f56bfc062723c751e8b465ee728b)  -> (artifact id: '4304b5a93cbd952e24da65a988263345') in 0.017519 seconds
Number of updated asset objects reloaded before import = 0
Number of asset objects unloaded after import = 18
========================================================================
Received Import Request.
  Time since last request: 0.354927 seconds.
  path: Assets/SimpleNaturePack/Prefabs/Tree_05.prefab
  artifactKey: Guid(60f79905accf3b24fa0114b941f1aac0) Importer(815301076,1909f56bfc062723c751e8b465ee728b)
Start importing Assets/SimpleNaturePack/Prefabs/Tree_05.prefab using Guid(60f79905accf3b24fa0114b941f1aac0) Importer(815301076,1909f56bfc062723c751e8b465ee728b)  -> (artifact id: '18ff641c21e5e49c98a4d0863196633e') in 0.021172 seconds
Number of updated asset objects reloaded before import = 0
Number of asset objects unloaded after import = 18
========================================================================
Received Import Request.
  Time since last request: 141.645495 seconds.
  path: Assets/New Terrain.asset
  artifactKey: Guid(c218cea6ffe17c5409791ced6c0749df) Importer(815301076,1909f56bfc062723c751e8b465ee728b)
Start importing Assets/New Terrain.asset using Guid(c218cea6ffe17c5409791ced6c0749df) Importer(815301076,1909f56bfc062723c751e8b465ee728b)  -> (artifact id: 'ffc42b3212240dc59b1a34a5a20f8cae') in 0.006704 seconds
Number of updated asset objects reloaded before import = 0
Number of asset objects unloaded after import = 11
========================================================================
Received Import Request.
  Time since last request: 296.664287 seconds.
  path: Assets/Tree_Textures
  artifactKey: Guid(d6beadd8052c3fe4ebdb026d48e0e713) Importer(815301076,1909f56bfc062723c751e8b465ee728b)
Start importing Assets/Tree_Textures using Guid(d6beadd8052c3fe4ebdb026d48e0e713) Importer(815301076,1909f56bfc062723c751e8b465ee728b)  -> (artifact id: '5f91b2e1c61a952a21f13df129bafc77') in 0.001075 seconds
Number of updated asset objects reloaded before import = 0
Number of asset objects unloaded after import = 0
========================================================================
Received Import Request.
  Time since last request: 228.939831 seconds.
  path: Assets/Tree_Textures/NewLayer.terrainlayer
  artifactKey: Guid(89d33e7692e90084aa3a43f50be969ed) Importer(815301076,1909f56bfc062723c751e8b465ee728b)
Start importing Assets/Tree_Textures/NewLayer.terrainlayer using Guid(89d33e7692e90084aa3a43f50be969ed) Importer(815301076,1909f56bfc062723c751e8b465ee728b)  -> (artifact id: 'be59ff19e3867618c301aa77e7c58cf7') in 0.028286 seconds
Number of updated asset objects reloaded before import = 0
Number of asset objects unloaded after import = 2
========================================================================
Received Import Request.
  Time since last request: 0.000036 seconds.
  path: Assets/Tree_Textures/NewLayer 2.terrainlayer
  artifactKey: Guid(58b86fed58f6c5b468e513be3060ae15) Importer(815301076,1909f56bfc062723c751e8b465ee728b)
Start importing Assets/Tree_Textures/NewLayer 2.terrainlayer using Guid(58b86fed58f6c5b468e513be3060ae15) Importer(815301076,1909f56bfc062723c751e8b465ee728b)  -> (artifact id: 'f26d30d982cacbec5bbdc5118e566637') in 0.017859 seconds
Number of updated asset objects reloaded before import = 0
Number of asset objects unloaded after import = 2
========================================================================
Received Prepare
Begin MonoManager ReloadAssembly
Symbol file LoadedFromMemory doesn't match image C:\Users\syh\My project\Library\PackageCache\com.unity.visualscripting@1.8.0\Editor\VisualScripting.Core\Dependencies\YamlDotNet\Unity.VisualScripting.YamlDotNet.dll
Symbol file LoadedFromMemory doesn't match image C:\Users\syh\My project\Library\PackageCache\com.unity.visualscripting@1.8.0\Editor\VisualScripting.Core\Dependencies\DotNetZip\Unity.VisualScripting.IonicZip.dll
- Loaded All Assemblies, in  0.593 seconds
Refreshing native plugins compatible for Editor in 2.31 ms, found 3 plugins.
Native extension for WindowsStandalone target not found
Mono: successfully reloaded assembly
- Finished resetting the current domain, in  0.832 seconds
Domain Reload Profiling: 1424ms
	BeginReloadAssembly (125ms)
		ExecutionOrderSort (0ms)
		DisableScriptedObjects (3ms)
		BackupInstance (0ms)
		ReleaseScriptingObjects (0ms)
		CreateAndSetChildDomain (35ms)
	RebuildCommonClasses (25ms)
	RebuildNativeTypeToScriptingClass (8ms)
	initialDomainReloadingComplete (25ms)
	LoadAllAssembliesAndSetupDomain (408ms)
		LoadAssemblies (245ms)
		RebuildTransferFunctionScriptingTraits (0ms)
		AnalyzeDomain (215ms)
			TypeCache.Refresh (211ms)
				TypeCache.ScanAssembly (202ms)
			ScanForSourceGeneratedMonoScriptInfo (2ms)
			ResolveRequiredComponents (2ms)
	FinalizeReload (832ms)
		ReleaseScriptCaches (0ms)
		RebuildScriptCaches (0ms)
		SetupLoadedEditorAssemblies (247ms)
			LogAssemblyErrors (0ms)
			InitializePlatformSupportModulesInManaged (5ms)
			SetLoadedEditorAssemblies (3ms)
			RefreshPlugins (0ms)
			BeforeProcessingInitializeOnLoad (46ms)
			ProcessInitializeOnLoadAttributes (176ms)
			ProcessInitializeOnLoadMethodAttributes (13ms)
			AfterProcessingInitializeOnLoad (5ms)
			EditorAssembliesLoaded (0ms)
		ExecutionOrderSort2 (0ms)
		AwakeInstancesAfterBackupRestoration (4ms)
Refreshing native plugins compatible for Editor in 4.50 ms, found 3 plugins.
Preloading 0 native plugins for Editor in 0.00 ms.
Unloading 3218 Unused Serialized files (Serialized files now loaded: 0)
Unloading 22 unused Assets / (141.1 KB). Loaded Objects now: 3760.
Memory consumption went from 134.6 MB to 134.5 MB.
Total: 6.086300 ms (FindLiveObjects: 0.265700 ms CreateObjectMapping: 0.168700 ms MarkObjects: 5.311900 ms  DeleteObjects: 0.337200 ms)

Prepare: number of updated asset objects reloaded= 0
AssetImportParameters requested are different than current active one (requested -> active):
  custom:container-demuxer-ogg: 62fdf1f143b41e24485cea50d1cbac27 -> 
  custom:video-decoder-ogg-theora: a1e56fd34408186e4bbccfd4996cb3dc -> 
  custom:framework-win-MediaFoundation: 216162199b28c13a410421893ffa2e32 -> 
  custom:CustomObjectIndexerAttribute: 756ad292c208cfabdd7b50bc23989ffe -> 
  custom:container-demuxer-webm: 4f35f7cbe854078d1ac9338744f61a02 -> 
  custom:container-muxer-webm: aa71ff27fc2769a1b78a27578f13a17b -> 
  custom:video-decoder-webm-vp8: 9c59270c3fd7afecdb556c50c9e8de78 -> 
  custom:AudioImporter_EditorPlatform: d09bf68614088b80899f8185d706f6e7 -> 
  custom:video-encoder-webm-vp8: eb34c28f22e8b96e1ab97ce403110664 -> 
  custom:audio-decoder-ogg-vorbis: bf7c407c2cedff20999df2af8eb42d56 -> 
  custom:audio-encoder-webm-vorbis: bf7c407c2cedff20999df2af8eb42d56 -> 
========================================================================
Received Import Request.
  Time since last request: 18.780833 seconds.
  path: Assets/SimpleNaturePack/NewLayer.terrainlayer
  artifactKey: Guid(ed2ebfbcb9354bf4a8141359211914b0) Importer(815301076,1909f56bfc062723c751e8b465ee728b)
Start importing Assets/SimpleNaturePack/NewLayer.terrainlayer using Guid(ed2ebfbcb9354bf4a8141359211914b0) Importer(815301076,1909f56bfc062723c751e8b465ee728b)  -> (artifact id: '22989c0f115e5d60265e788602880141') in 0.040364 seconds
Number of updated asset objects reloaded before import = 0
Number of asset objects unloaded after import = 2
========================================================================
Received Import Request.
  Time since last request: 2.293159 seconds.
  path: Assets/LowPolyWater_Pack/LowPoly Island
  artifactKey: Guid(9320976cad9e2104e931f008e44e5103) Importer(815301076,1909f56bfc062723c751e8b465ee728b)
Start importing Assets/LowPolyWater_Pack/LowPoly Island using Guid(9320976cad9e2104e931f008e44e5103) Importer(815301076,1909f56bfc062723c751e8b465ee728b)  -> (artifact id: '24b49d90bd6cf528862de9a75b007f1f') in 0.000528 seconds
Number of updated asset objects reloaded before import = 0
Number of asset objects unloaded after import = 0
========================================================================
Received Import Request.
  Time since last request: 3.516520 seconds.
  path: Assets/LowPolyWater_Pack/LowPoly Island/island1_design2_c4d.obj
  artifactKey: Guid(6e654008c0c551d41b2f83f329e79d6f) Importer(815301076,1909f56bfc062723c751e8b465ee728b)
Start importing Assets/LowPolyWater_Pack/LowPoly Island/island1_design2_c4d.obj using Guid(6e654008c0c551d41b2f83f329e79d6f) Importer(815301076,1909f56bfc062723c751e8b465ee728b)  -> (artifact id: 'e9d650a7348ad494d6c53594700d4068') in 0.074777 seconds
Number of updated asset objects reloaded before import = 0
Number of asset objects unloaded after import = 10
========================================================================
Received Import Request.
  Time since last request: 19.056683 seconds.
  path: Assets/LowPolyWater_Pack/LowPoly Island/Materials
  artifactKey: Guid(ff03683a26939b2418b9d1ed51da72da) Importer(815301076,1909f56bfc062723c751e8b465ee728b)
Start importing Assets/LowPolyWater_Pack/LowPoly Island/Materials using Guid(ff03683a26939b2418b9d1ed51da72da) Importer(815301076,1909f56bfc062723c751e8b465ee728b)  -> (artifact id: '9f3069efc8bad5faf566a7c20b4f9a90') in 0.000589 seconds
Number of updated asset objects reloaded before import = 0
Number of asset objects unloaded after import = 0
========================================================================
Received Import Request.
  Time since last request: 0.088233 seconds.
  path: Assets/LowPolyWater_Pack/LowPoly Island/Materials/defaultMat.mat
  artifactKey: Guid(f5d8b68e18f57d744a341e3c45f57b11) Importer(815301076,1909f56bfc062723c751e8b465ee728b)
Start importing Assets/LowPolyWater_Pack/LowPoly Island/Materials/defaultMat.mat using Guid(f5d8b68e18f57d744a341e3c45f57b11) Importer(815301076,1909f56bfc062723c751e8b465ee728b)  -> (artifact id: 'b80e52daa05c19098545e2a67e8d0774') in 0.025611 seconds
Number of updated asset objects reloaded before import = 0
Number of asset objects unloaded after import = 1
========================================================================
Received Import Request.
  Time since last request: 6.410389 seconds.
  path: Assets/New Terrain.asset
  artifactKey: Guid(c218cea6ffe17c5409791ced6c0749df) Importer(815301076,1909f56bfc062723c751e8b465ee728b)
Start importing Assets/New Terrain.asset using Guid(c218cea6ffe17c5409791ced6c0749df) Importer(815301076,1909f56bfc062723c751e8b465ee728b)  -> (artifact id: '143cc3387a2bf07687b5e73081f7a09c') in 0.023058 seconds
Number of updated asset objects reloaded before import = 0
Number of asset objects unloaded after import = 13
========================================================================
Received Import Request.
  Time since last request: 1.595756 seconds.
  path: Assets/LowPolyWater_Pack
  artifactKey: Guid(caf18cc0ff5f364499ae945893ee4cd1) Importer(815301076,1909f56bfc062723c751e8b465ee728b)
Start importing Assets/LowPolyWater_Pack using Guid(caf18cc0ff5f364499ae945893ee4cd1) Importer(815301076,1909f56bfc062723c751e8b465ee728b)  -> (artifact id: '17dc7b3ad6b646f39ce7fc0e175b1439') in 0.000636 seconds
Number of updated asset objects reloaded before import = 0
Number of asset objects unloaded after import = 0
========================================================================
Received Import Request.
  Time since last request: 5.002337 seconds.
  path: Assets/LowPolyWater_Pack/Materials
  artifactKey: Guid(40dbe5c72eec6b4419c2e68e132cde42) Importer(815301076,1909f56bfc062723c751e8b465ee728b)
Start importing Assets/LowPolyWater_Pack/Materials using Guid(40dbe5c72eec6b4419c2e68e132cde42) Importer(815301076,1909f56bfc062723c751e8b465ee728b)  -> (artifact id: 'cad6d70fa2178cd45d9d9f0ae39e30b4') in 0.000454 seconds
Number of updated asset objects reloaded before import = 0
Number of asset objects unloaded after import = 0
========================================================================
Received Import Request.
  Time since last request: 0.077678 seconds.
  path: Assets/LowPolyWater_Pack/Materials/LowPolyWaterMaterial.mat
  artifactKey: Guid(8538bd626cb3e80478f62e319f75e337) Importer(815301076,1909f56bfc062723c751e8b465ee728b)
Start importing Assets/LowPolyWater_Pack/Materials/LowPolyWaterMaterial.mat using Guid(8538bd626cb3e80478f62e319f75e337) Importer(815301076,1909f56bfc062723c751e8b465ee728b)  -> (artifact id: 'aa4ac9ebd55b049379b2232db9990413') in 0.060174 seconds
Number of updated asset objects reloaded before import = 0
Number of asset objects unloaded after import = 3
========================================================================
Received Import Request.
  Time since last request: 1.032592 seconds.
  path: Assets/LowPolyWater_Pack/Textures/Foam.tga
  artifactKey: Guid(5fbcffe9c2077f04186883cb39275fcc) Importer(815301076,1909f56bfc062723c751e8b465ee728b)
Start importing Assets/LowPolyWater_Pack/Textures/Foam.tga using Guid(5fbcffe9c2077f04186883cb39275fcc) Importer(815301076,1909f56bfc062723c751e8b465ee728b)  -> (artifact id: '2f53f43f716896efdf6b96d7f9c743bf') in 0.028212 seconds
Number of updated asset objects reloaded before import = 0
Number of asset objects unloaded after import = 2
========================================================================
Received Import Request.
  Time since last request: 926.027673 seconds.
  path: Assets/LowPolyWater_Pack/LowPoly Island/textures/textureAmbient_Occlusion.jpg
  artifactKey: Guid(b9b487cdf5f0a1446986165bc650935d) Importer(815301076,1909f56bfc062723c751e8b465ee728b)
Start importing Assets/LowPolyWater_Pack/LowPoly Island/textures/textureAmbient_Occlusion.jpg using Guid(b9b487cdf5f0a1446986165bc650935d) Importer(815301076,1909f56bfc062723c751e8b465ee728b)  -> (artifact id: '6ee017f8b8f8dedf26ae7fa263ff9531') in 0.030471 seconds
Number of updated asset objects reloaded before import = 0
Number of asset objects unloaded after import = 2
========================================================================
Received Import Request.
  Time since last request: 358.850214 seconds.
  path: Assets/LowPolyWater_Pack/NewLayer.terrainlayer
  artifactKey: Guid(7c0c9838017743c47a3bd842f0e0627c) Importer(815301076,1909f56bfc062723c751e8b465ee728b)
Start importing Assets/LowPolyWater_Pack/NewLayer.terrainlayer using Guid(7c0c9838017743c47a3bd842f0e0627c) Importer(815301076,1909f56bfc062723c751e8b465ee728b)  -> (artifact id: 'fcf6cd6092fcd836c1b9413068678701') in 0.022001 seconds
Number of updated asset objects reloaded before import = 0
Number of asset objects unloaded after import = 2
========================================================================
Received Import Request.
  Time since last request: 0.000046 seconds.
  path: Assets/LowPolyWater_Pack/NewLayer 2.terrainlayer
  artifactKey: Guid(fa3789e8ae753eb4d9446d2f6f82621e) Importer(815301076,1909f56bfc062723c751e8b465ee728b)
Start importing Assets/LowPolyWater_Pack/NewLayer 2.terrainlayer using Guid(fa3789e8ae753eb4d9446d2f6f82621e) Importer(815301076,1909f56bfc062723c751e8b465ee728b)  -> (artifact id: '62f727dbf06c3bef318c5f96a8629eb5') in 0.007130 seconds
Number of updated asset objects reloaded before import = 0
Number of asset objects unloaded after import = 2
========================================================================
Received Import Request.
  Time since last request: 769.477715 seconds.
  path: Assets/New Terrain.asset
  artifactKey: Guid(c218cea6ffe17c5409791ced6c0749df) Importer(815301076,1909f56bfc062723c751e8b465ee728b)
Start importing Assets/New Terrain.asset using Guid(c218cea6ffe17c5409791ced6c0749df) Importer(815301076,1909f56bfc062723c751e8b465ee728b)  -> (artifact id: '5bccf5b7159744f3c4d2e57953895470') in 0.006739 seconds
Number of updated asset objects reloaded before import = 0
Number of asset objects unloaded after import = 11
========================================================================
Received Import Request.
  Time since last request: 11.455345 seconds.
  path: Assets/Handpainted_Grass_and_Ground_Textures/Textures/Dirt/dirt_clay/dirt_clay_down.png
  artifactKey: Guid(a7b05dec520c8cf4c8e08dfef1f84db4) Importer(815301076,1909f56bfc062723c751e8b465ee728b)
Start importing Assets/Handpainted_Grass_and_Ground_Textures/Textures/Dirt/dirt_clay/dirt_clay_down.png using Guid(a7b05dec520c8cf4c8e08dfef1f84db4) Importer(815301076,1909f56bfc062723c751e8b465ee728b)  -> (artifact id: '29cbdfa83b6929ea149b23da036832c5') in 0.031123 seconds
Number of updated asset objects reloaded before import = 0
Number of asset objects unloaded after import = 2
========================================================================
Received Import Request.
  Time since last request: 0.000097 seconds.
  path: Assets/Handpainted_Grass_and_Ground_Textures/Textures/Dirt/dirt_claydarked/dirt_claydarked_right.png
  artifactKey: Guid(495a8937383d3784588fc6a9bb626098) Importer(815301076,1909f56bfc062723c751e8b465ee728b)
Start importing Assets/Handpainted_Grass_and_Ground_Textures/Textures/Dirt/dirt_claydarked/dirt_claydarked_right.png using Guid(495a8937383d3784588fc6a9bb626098) Importer(815301076,1909f56bfc062723c751e8b465ee728b)  -> (artifact id: 'ea2256d5dc5aaa2596f96eb7139e7a38') in 0.034491 seconds
Number of updated asset objects reloaded before import = 0
Number of asset objects unloaded after import = 2
========================================================================
Received Import Request.
  Time since last request: 0.000040 seconds.
  path: Assets/Handpainted_Grass_and_Ground_Textures/Textures/Dirt/dirt_clay/dirt_clay_up.png
  artifactKey: Guid(7334f41aedeae534fb57921b121a9f1f) Importer(815301076,1909f56bfc062723c751e8b465ee728b)
Start importing Assets/Handpainted_Grass_and_Ground_Textures/Textures/Dirt/dirt_clay/dirt_clay_up.png using Guid(7334f41aedeae534fb57921b121a9f1f) Importer(815301076,1909f56bfc062723c751e8b465ee728b)  -> (artifact id: '44ebbbd50dea9e870946f05aebb2a696') in 0.030101 seconds
Number of updated asset objects reloaded before import = 0
Number of asset objects unloaded after import = 2
========================================================================
Received Import Request.
  Time since last request: 0.000042 seconds.
  path: Assets/Handpainted_Grass_and_Ground_Textures/Textures/Dirt/dirt_claydarked/dirt_claydarked_down.png
  artifactKey: Guid(a207d850508a70c46b922ceafbea7a7b) Importer(815301076,1909f56bfc062723c751e8b465ee728b)
Start importing Assets/Handpainted_Grass_and_Ground_Textures/Textures/Dirt/dirt_claydarked/dirt_claydarked_down.png using Guid(a207d850508a70c46b922ceafbea7a7b) Importer(815301076,1909f56bfc062723c751e8b465ee728b)  -> (artifact id: '60201c0f432b823da3975afba6b22253') in 0.022476 seconds
Number of updated asset objects reloaded before import = 0
Number of asset objects unloaded after import = 2
========================================================================
Received Import Request.
  Time since last request: 0.414463 seconds.
  path: Assets/Handpainted_Grass_and_Ground_Textures/Textures/Dirt/dirt_claydarked/dirt_claydarked_up.png
  artifactKey: Guid(62ca00121c2f0c646a26db82e26732c0) Importer(815301076,1909f56bfc062723c751e8b465ee728b)
Start importing Assets/Handpainted_Grass_and_Ground_Textures/Textures/Dirt/dirt_claydarked/dirt_claydarked_up.png using Guid(62ca00121c2f0c646a26db82e26732c0) Importer(815301076,1909f56bfc062723c751e8b465ee728b)  -> (artifact id: '5564db4748b98944e058648c4a2f3763') in 0.025132 seconds
Number of updated asset objects reloaded before import = 0
Number of asset objects unloaded after import = 2
========================================================================
Received Import Request.
  Time since last request: 1.001958 seconds.
  path: Assets/Handpainted_Grass_and_Ground_Textures/Textures/Dirt/dirt_corrupted/dirt_corrupted_left.png
  artifactKey: Guid(03c2d2d1b78d3e747af258eae4abf1cc) Importer(815301076,1909f56bfc062723c751e8b465ee728b)
Start importing Assets/Handpainted_Grass_and_Ground_Textures/Textures/Dirt/dirt_corrupted/dirt_corrupted_left.png using Guid(03c2d2d1b78d3e747af258eae4abf1cc) Importer(815301076,1909f56bfc062723c751e8b465ee728b)  -> (artifact id: '5342064ee02196ad7f93c0dfe1ca07c6') in 0.024824 seconds
Number of updated asset objects reloaded before import = 0
Number of asset objects unloaded after import = 2
========================================================================
Received Import Request.
  Time since last request: 0.022376 seconds.
  path: Assets/Handpainted_Grass_and_Ground_Textures/Textures/Dirt/dirt_corrupted_lighted/dirt_corrupted_lighted_left.png
  artifactKey: Guid(af5d8a637252654458c60eba7ad36bae) Importer(815301076,1909f56bfc062723c751e8b465ee728b)
Start importing Assets/Handpainted_Grass_and_Ground_Textures/Textures/Dirt/dirt_corrupted_lighted/dirt_corrupted_lighted_left.png using Guid(af5d8a637252654458c60eba7ad36bae) Importer(815301076,1909f56bfc062723c751e8b465ee728b)  -> (artifact id: 'd9ff497baa681e1dd7e7896801e43aab') in 0.021817 seconds
Number of updated asset objects reloaded before import = 0
Number of asset objects unloaded after import = 2
========================================================================
Received Import Request.
  Time since last request: 0.258205 seconds.
  path: Assets/Handpainted_Grass_and_Ground_Textures/Textures/Dirt/dirt_corrupted_lighted/dirt_corrupted_lighted_up.png
  artifactKey: Guid(80dd8791e62eb704ca754825e109f4e9) Importer(815301076,1909f56bfc062723c751e8b465ee728b)
Start importing Assets/Handpainted_Grass_and_Ground_Textures/Textures/Dirt/dirt_corrupted_lighted/dirt_corrupted_lighted_up.png using Guid(80dd8791e62eb704ca754825e109f4e9) Importer(815301076,1909f56bfc062723c751e8b465ee728b)  -> (artifact id: '4c520fcef240686f0b2a384f4a303672') in 0.021708 seconds
Number of updated asset objects reloaded before import = 0
Number of asset objects unloaded after import = 2
========================================================================
Received Import Request.
  Time since last request: 0.000055 seconds.
  path: Assets/Handpainted_Grass_and_Ground_Textures/Textures/Dirt/dirt_corrupted/dirt_corrupted_up.png
  artifactKey: Guid(cb541e13f614ed748a9058d942f9e9f4) Importer(815301076,1909f56bfc062723c751e8b465ee728b)
Start importing Assets/Handpainted_Grass_and_Ground_Textures/Textures/Dirt/dirt_corrupted/dirt_corrupted_up.png using Guid(cb541e13f614ed748a9058d942f9e9f4) Importer(815301076,1909f56bfc062723c751e8b465ee728b)  -> (artifact id: '88bc19b399f28952453007d643ccecdc') in 0.021416 seconds
Number of updated asset objects reloaded before import = 0
Number of asset objects unloaded after import = 2
========================================================================
Received Import Request.
  Time since last request: 0.033964 seconds.
  path: Assets/Handpainted_Grass_and_Ground_Textures/Textures/Dirt/dirt_desatured/dirt_desatured_left.png
  artifactKey: Guid(46cc1e28981d28949961007cbc078393) Importer(815301076,1909f56bfc062723c751e8b465ee728b)
Start importing Assets/Handpainted_Grass_and_Ground_Textures/Textures/Dirt/dirt_desatured/dirt_desatured_left.png using Guid(46cc1e28981d28949961007cbc078393) Importer(815301076,1909f56bfc062723c751e8b465ee728b)  -> (artifact id: '040f96f02b3b7183a8cbe9cfc63fa8dd') in 0.029182 seconds
Number of updated asset objects reloaded before import = 0
Number of asset objects unloaded after import = 2
========================================================================
Received Import Request.
  Time since last request: 0.223871 seconds.
  path: Assets/Handpainted_Grass_and_Ground_Textures/Textures/Dirt/dirt_desatured_rocks/dirt_desatured_rocks_down.png
  artifactKey: Guid(6dc316139475bb04e887760522945098) Importer(815301076,1909f56bfc062723c751e8b465ee728b)
Start importing Assets/Handpainted_Grass_and_Ground_Textures/Textures/Dirt/dirt_desatured_rocks/dirt_desatured_rocks_down.png using Guid(6dc316139475bb04e887760522945098) Importer(815301076,1909f56bfc062723c751e8b465ee728b)  -> (artifact id: 'dfa070cc09da5946f71faae3a76f0727') in 0.025409 seconds
Number of updated asset objects reloaded before import = 0
Number of asset objects unloaded after import = 2
========================================================================
Received Import Request.
  Time since last request: 0.013857 seconds.
  path: Assets/Handpainted_Grass_and_Ground_Textures/Textures/Dirt/dirt_desatured_rocks/dirt_desatured_rocks_right.png
  artifactKey: Guid(95bb46061a77ef14aa49fb4aba394a6d) Importer(815301076,1909f56bfc062723c751e8b465ee728b)
Start importing Assets/Handpainted_Grass_and_Ground_Textures/Textures/Dirt/dirt_desatured_rocks/dirt_desatured_rocks_right.png using Guid(95bb46061a77ef14aa49fb4aba394a6d) Importer(815301076,1909f56bfc062723c751e8b465ee728b)  -> (artifact id: 'b72c7ebf9d697f119daa9fae6d8884e2') in 0.023058 seconds
Number of updated asset objects reloaded before import = 0
Number of asset objects unloaded after import = 2
========================================================================
Received Import Request.
  Time since last request: 0.000051 seconds.
  path: Assets/Handpainted_Grass_and_Ground_Textures/Textures/Dirt/dirt_desatured/dirt_desatured_up.png
  artifactKey: Guid(10a14fab7fa5c6b4cb60a29eb6e01303) Importer(815301076,1909f56bfc062723c751e8b465ee728b)
Start importing Assets/Handpainted_Grass_and_Ground_Textures/Textures/Dirt/dirt_desatured/dirt_desatured_up.png using Guid(10a14fab7fa5c6b4cb60a29eb6e01303) Importer(815301076,1909f56bfc062723c751e8b465ee728b)  -> (artifact id: 'd68fc91a48e00b8361ce6f3c83d23a1c') in 0.023695 seconds
Number of updated asset objects reloaded before import = 0
Number of asset objects unloaded after import = 2
========================================================================
Received Import Request.
  Time since last request: 0.229597 seconds.
  path: Assets/Handpainted_Grass_and_Ground_Textures/Textures/Dirt/dirt_lighted/dirt_lighted_left.png
  artifactKey: Guid(dca83dcb27c238d4b807b4746e7f6ffe) Importer(815301076,1909f56bfc062723c751e8b465ee728b)
Start importing Assets/Handpainted_Grass_and_Ground_Textures/Textures/Dirt/dirt_lighted/dirt_lighted_left.png using Guid(dca83dcb27c238d4b807b4746e7f6ffe) Importer(815301076,1909f56bfc062723c751e8b465ee728b)  -> (artifact id: 'ca6044a2d790b91c3ea3337613d72f6c') in 0.022834 seconds
Number of updated asset objects reloaded before import = 0
Number of asset objects unloaded after import = 2
========================================================================
Received Import Request.
  Time since last request: 0.025760 seconds.
  path: Assets/Handpainted_Grass_and_Ground_Textures/Textures/Dirt/dirt_lighted_rocks/dirt_lighted_rocks_down.png
  artifactKey: Guid(85ed2b41abc7c82499e10ac4feaa0590) Importer(815301076,1909f56bfc062723c751e8b465ee728b)
Start importing Assets/Handpainted_Grass_and_Ground_Textures/Textures/Dirt/dirt_lighted_rocks/dirt_lighted_rocks_down.png using Guid(85ed2b41abc7c82499e10ac4feaa0590) Importer(815301076,1909f56bfc062723c751e8b465ee728b)  -> (artifact id: 'a62799a07aef5c488a73abdc1949f103') in 0.022331 seconds
Number of updated asset objects reloaded before import = 0
Number of asset objects unloaded after import = 2
========================================================================
Received Import Request.
  Time since last request: 0.000031 seconds.
  path: Assets/Handpainted_Grass_and_Ground_Textures/Textures/Dirt/dirt_lighted_rocks/dirt_lighted_rocks_up.png
  artifactKey: Guid(23434846625707a47a591d9f045898fb) Importer(815301076,1909f56bfc062723c751e8b465ee728b)
Start importing Assets/Handpainted_Grass_and_Ground_Textures/Textures/Dirt/dirt_lighted_rocks/dirt_lighted_rocks_up.png using Guid(23434846625707a47a591d9f045898fb) Importer(815301076,1909f56bfc062723c751e8b465ee728b)  -> (artifact id: 'a180bec776a039de145960d28918c0c2') in 0.022390 seconds
Number of updated asset objects reloaded before import = 0
Number of asset objects unloaded after import = 2
========================================================================
Received Import Request.
  Time since last request: 0.217760 seconds.
  path: Assets/Handpainted_Grass_and_Ground_Textures/Textures/Dirt/dirt_lighted/dirt_lighted_up.png
  artifactKey: Guid(20aa0f234461fbc46ae6fe91f504e2f6) Importer(815301076,1909f56bfc062723c751e8b465ee728b)
Start importing Assets/Handpainted_Grass_and_Ground_Textures/Textures/Dirt/dirt_lighted/dirt_lighted_up.png using Guid(20aa0f234461fbc46ae6fe91f504e2f6) Importer(815301076,1909f56bfc062723c751e8b465ee728b)  -> (artifact id: 'b0cefd941a33d7aa6c36fe93e866ef97') in 0.026128 seconds
Number of updated asset objects reloaded before import = 0
Number of asset objects unloaded after import = 2
========================================================================
Received Import Request.
  Time since last request: 0.000021 seconds.
  path: Assets/Handpainted_Grass_and_Ground_Textures/Textures/Dirt/dirt_normal/dirt_normal_right.png
  artifactKey: Guid(ff9814537d0ed194cbbac0f2bb3086bc) Importer(815301076,1909f56bfc062723c751e8b465ee728b)
Start importing Assets/Handpainted_Grass_and_Ground_Textures/Textures/Dirt/dirt_normal/dirt_normal_right.png using Guid(ff9814537d0ed194cbbac0f2bb3086bc) Importer(815301076,1909f56bfc062723c751e8b465ee728b)  -> (artifact id: '5c81529a7ff86a246ddd9d7059fd5053') in 0.023176 seconds
Number of updated asset objects reloaded before import = 0
Number of asset objects unloaded after import = 2
========================================================================
Received Import Request.
  Time since last request: 0.010714 seconds.
  path: Assets/Handpainted_Grass_and_Ground_Textures/Textures/Dirt/dirt_normal/dirt_normal_up.png
  artifactKey: Guid(0dd443a2df90ef247be261e60d0ce83b) Importer(815301076,1909f56bfc062723c751e8b465ee728b)
Start importing Assets/Handpainted_Grass_and_Ground_Textures/Textures/Dirt/dirt_normal/dirt_normal_up.png using Guid(0dd443a2df90ef247be261e60d0ce83b) Importer(815301076,1909f56bfc062723c751e8b465ee728b)  -> (artifact id: 'b04bf6f300d763b44af7d6d4ce3b042e') in 0.028949 seconds
Number of updated asset objects reloaded before import = 0
Number of asset objects unloaded after import = 2
========================================================================
Received Import Request.
  Time since last request: 0.000034 seconds.
  path: Assets/Handpainted_Grass_and_Ground_Textures/Textures/Dirt/dirt_overcorrupted/dirt_overcorrupted_right.png
  artifactKey: Guid(57e1518f4c4216f47ab2cf51a7c84a5e) Importer(815301076,1909f56bfc062723c751e8b465ee728b)
Start importing Assets/Handpainted_Grass_and_Ground_Textures/Textures/Dirt/dirt_overcorrupted/dirt_overcorrupted_right.png using Guid(57e1518f4c4216f47ab2cf51a7c84a5e) Importer(815301076,1909f56bfc062723c751e8b465ee728b)  -> (artifact id: 'bdbb6b1a54566fe12d3eedfa06595c0a') in 0.035602 seconds
Number of updated asset objects reloaded before import = 0
Number of asset objects unloaded after import = 2
========================================================================
Received Import Request.
  Time since last request: 0.170202 seconds.
  path: Assets/Handpainted_Grass_and_Ground_Textures/Textures/Dirt/dirt_overcorrupted/dirt_overcorrupted_up.png
  artifactKey: Guid(7f322789625325f40af5296c839409dd) Importer(815301076,1909f56bfc062723c751e8b465ee728b)
Start importing Assets/Handpainted_Grass_and_Ground_Textures/Textures/Dirt/dirt_overcorrupted/dirt_overcorrupted_up.png using Guid(7f322789625325f40af5296c839409dd) Importer(815301076,1909f56bfc062723c751e8b465ee728b)  -> (artifact id: '94fb4b0a85c5953253c88ec5d0093628') in 0.026726 seconds
Number of updated asset objects reloaded before import = 0
Number of asset objects unloaded after import = 2
========================================================================
Received Import Request.
  Time since last request: 0.024662 seconds.
  path: Assets/Handpainted_Grass_and_Ground_Textures/Textures/Dirt/dirt_overdesatured/dirt_overdesatured_up.png
  artifactKey: Guid(0ce40b506ba1e10418a120c2ec1c4012) Importer(815301076,1909f56bfc062723c751e8b465ee728b)
Start importing Assets/Handpainted_Grass_and_Ground_Textures/Textures/Dirt/dirt_overdesatured/dirt_overdesatured_up.png using Guid(0ce40b506ba1e10418a120c2ec1c4012) Importer(815301076,1909f56bfc062723c751e8b465ee728b)  -> (artifact id: '70ca2cfd4fefa2d6a9169b0d63f3ba14') in 0.022191 seconds
Number of updated asset objects reloaded before import = 0
Number of asset objects unloaded after import = 2
========================================================================
Received Import Request.
  Time since last request: 0.000054 seconds.
  path: Assets/Handpainted_Grass_and_Ground_Textures/Textures/Grass/Grass_bluetint/Grass_bluetint_left.png
  artifactKey: Guid(4b13c3aa7713124418fd1f17e83a5be7) Importer(815301076,1909f56bfc062723c751e8b465ee728b)
Start importing Assets/Handpainted_Grass_and_Ground_Textures/Textures/Grass/Grass_bluetint/Grass_bluetint_left.png using Guid(4b13c3aa7713124418fd1f17e83a5be7) Importer(815301076,1909f56bfc062723c751e8b465ee728b)  -> (artifact id: '99f53ca1e2079ae1fa2fbadfc7eb71c7') in 0.023904 seconds
Number of updated asset objects reloaded before import = 0
Number of asset objects unloaded after import = 2
========================================================================
Received Import Request.
  Time since last request: 0.219016 seconds.
  path: Assets/Handpainted_Grass_and_Ground_Textures/Textures/Grass/Grass_bluetint/Grass_bluetint_right.png
  artifactKey: Guid(d211bc1342827ac44b6b1bd93cf8f969) Importer(815301076,1909f56bfc062723c751e8b465ee728b)
Start importing Assets/Handpainted_Grass_and_Ground_Textures/Textures/Grass/Grass_bluetint/Grass_bluetint_right.png using Guid(d211bc1342827ac44b6b1bd93cf8f969) Importer(815301076,1909f56bfc062723c751e8b465ee728b)  -> (artifact id: '2af82633be70058c819a0ebcf3f06601') in 0.021744 seconds
Number of updated asset objects reloaded before import = 0
Number of asset objects unloaded after import = 2
========================================================================
Received Import Request.
  Time since last request: 0.021936 seconds.
  path: Assets/Handpainted_Grass_and_Ground_Textures/Textures/Grass/Grass_corrupted/Grass_corrupted_down.png
  artifactKey: Guid(3d2d1e0a5d613ec41bd2b90a7d0ecec6) Importer(815301076,1909f56bfc062723c751e8b465ee728b)
Start importing Assets/Handpainted_Grass_and_Ground_Textures/Textures/Grass/Grass_corrupted/Grass_corrupted_down.png using Guid(3d2d1e0a5d613ec41bd2b90a7d0ecec6) Importer(815301076,1909f56bfc062723c751e8b465ee728b)  -> (artifact id: '4ac2a18950547411e07c3e52a7a462fb') in 0.024561 seconds
Number of updated asset objects reloaded before import = 0
Number of asset objects unloaded after import = 2
========================================================================
Received Import Request.
  Time since last request: 0.254753 seconds.
  path: Assets/Handpainted_Grass_and_Ground_Textures/Textures/Grass/Grass_darked/Grass_darked_down.png
  artifactKey: Guid(9234305f12ded3442b911c3ff978d340) Importer(815301076,1909f56bfc062723c751e8b465ee728b)
Start importing Assets/Handpainted_Grass_and_Ground_Textures/Textures/Grass/Grass_darked/Grass_darked_down.png using Guid(9234305f12ded3442b911c3ff978d340) Importer(815301076,1909f56bfc062723c751e8b465ee728b)  -> (artifact id: '515db47f497f300d7dcb1bfd046faf8c') in 0.021644 seconds
Number of updated asset objects reloaded before import = 0
Number of asset objects unloaded after import = 2
========================================================================
Received Import Request.
  Time since last request: 0.001156 seconds.
  path: Assets/Handpainted_Grass_and_Ground_Textures/Textures/Grass/Grass_darked/Grass_darked_right.png
  artifactKey: Guid(ec7bab56bfdc3d147b9e1fda8c12082d) Importer(815301076,1909f56bfc062723c751e8b465ee728b)
Start importing Assets/Handpainted_Grass_and_Ground_Textures/Textures/Grass/Grass_darked/Grass_darked_right.png using Guid(ec7bab56bfdc3d147b9e1fda8c12082d) Importer(815301076,1909f56bfc062723c751e8b465ee728b)  -> (artifact id: '00d5831fe4cb9cdbe31869716064da56') in 0.023321 seconds
Number of updated asset objects reloaded before import = 0
Number of asset objects unloaded after import = 2
========================================================================
Received Import Request.
  Time since last request: 1.773870 seconds.
  path: Assets/Handpainted_Grass_and_Ground_Textures/Textures/Grass/Grass_desatured/Grass_desatured_down.png
  artifactKey: Guid(bf2b3b343fdc3044fa9aae22230ac40b) Importer(815301076,1909f56bfc062723c751e8b465ee728b)
Start importing Assets/Handpainted_Grass_and_Ground_Textures/Textures/Grass/Grass_desatured/Grass_desatured_down.png using Guid(bf2b3b343fdc3044fa9aae22230ac40b) Importer(815301076,1909f56bfc062723c751e8b465ee728b)  -> (artifact id: 'f60986415d48ba660e12b81fa739b838') in 0.027416 seconds
Number of updated asset objects reloaded before import = 0
Number of asset objects unloaded after import = 2
========================================================================
Received Import Request.
  Time since last request: 36.060725 seconds.
  path: Assets/Handpainted_Grass_and_Ground_Textures/Textures/Grass/Grass_desatured/Grass_desatured_right.png
  artifactKey: Guid(8cd3f7acfe19d4a4cb849c2b2ab2172a) Importer(815301076,1909f56bfc062723c751e8b465ee728b)
Start importing Assets/Handpainted_Grass_and_Ground_Textures/Textures/Grass/Grass_desatured/Grass_desatured_right.png using Guid(8cd3f7acfe19d4a4cb849c2b2ab2172a) Importer(815301076,1909f56bfc062723c751e8b465ee728b)  -> (artifact id: '72ac8a94c1a909c67a96de151f128929') in 0.025779 seconds
Number of updated asset objects reloaded before import = 0
Number of asset objects unloaded after import = 2
========================================================================
Received Import Request.
  Time since last request: 0.216688 seconds.
  path: Assets/Handpainted_Grass_and_Ground_Textures/Textures/Grass/Grass_lighted/Grass_lighted_down.png
  artifactKey: Guid(6e3abed3edda0ae4b876a53ee95f7d37) Importer(815301076,1909f56bfc062723c751e8b465ee728b)
Start importing Assets/Handpainted_Grass_and_Ground_Textures/Textures/Grass/Grass_lighted/Grass_lighted_down.png using Guid(6e3abed3edda0ae4b876a53ee95f7d37) Importer(815301076,1909f56bfc062723c751e8b465ee728b)  -> (artifact id: '6ad01a403929b803d9ecf9ab8d535731') in 0.025415 seconds
Number of updated asset objects reloaded before import = 0
Number of asset objects unloaded after import = 2
========================================================================
Received Import Request.
  Time since last request: 0.016993 seconds.
  path: Assets/Handpainted_Grass_and_Ground_Textures/Textures/Grass/Grass_normal/Grass_normal_down.png
  artifactKey: Guid(3d7e23f397bd4e347bc2a33df00d0897) Importer(815301076,1909f56bfc062723c751e8b465ee728b)
Start importing Assets/Handpainted_Grass_and_Ground_Textures/Textures/Grass/Grass_normal/Grass_normal_down.png using Guid(3d7e23f397bd4e347bc2a33df00d0897) Importer(815301076,1909f56bfc062723c751e8b465ee728b)  -> (artifact id: '8fe4f74b49412b7471d9e4f17c2e9d59') in 0.023198 seconds
Number of updated asset objects reloaded before import = 0
Number of asset objects unloaded after import = 2
========================================================================
Received Import Request.
  Time since last request: 0.223546 seconds.
  path: Assets/Handpainted_Grass_and_Ground_Textures/Textures/Grass/Grass_normal/Grass_normal_right.png
  artifactKey: Guid(1d15832a1a6e52b48a0fae0275b130dd) Importer(815301076,1909f56bfc062723c751e8b465ee728b)
Start importing Assets/Handpainted_Grass_and_Ground_Textures/Textures/Grass/Grass_normal/Grass_normal_right.png using Guid(1d15832a1a6e52b48a0fae0275b130dd) Importer(815301076,1909f56bfc062723c751e8b465ee728b)  -> (artifact id: '03ca8ae1eeb09546ce80e308ad7d4e2c') in 0.026960 seconds
Number of updated asset objects reloaded before import = 0
Number of asset objects unloaded after import = 2
========================================================================
Received Import Request.
  Time since last request: 0.024398 seconds.
  path: Assets/Handpainted_Grass_and_Ground_Textures/Textures/Grass/Grass_overcorrupted/Grass_overcorrupted_right.png
  artifactKey: Guid(7c336b3b2ecc2e648ae85a73fb3a537f) Importer(815301076,1909f56bfc062723c751e8b465ee728b)
Start importing Assets/Handpainted_Grass_and_Ground_Textures/Textures/Grass/Grass_overcorrupted/Grass_overcorrupted_right.png using Guid(7c336b3b2ecc2e648ae85a73fb3a537f) Importer(815301076,1909f56bfc062723c751e8b465ee728b)  -> (artifact id: 'e2235e9a2b5ef0155830ec382d1bcdd2') in 0.024702 seconds
Number of updated asset objects reloaded before import = 0
Number of asset objects unloaded after import = 2
========================================================================
Received Import Request.
  Time since last request: 0.208255 seconds.
  path: Assets/Handpainted_Grass_and_Ground_Textures/Textures/Grass/Grass_swamp_dark/Grass_swamp_dark_right.png
  artifactKey: Guid(ebd860c0227aa48418f02eb2af1438b1) Importer(815301076,1909f56bfc062723c751e8b465ee728b)
Start importing Assets/Handpainted_Grass_and_Ground_Textures/Textures/Grass/Grass_swamp_dark/Grass_swamp_dark_right.png using Guid(ebd860c0227aa48418f02eb2af1438b1) Importer(815301076,1909f56bfc062723c751e8b465ee728b)  -> (artifact id: '4863c055f1b96460662743179c2f61e1') in 0.031779 seconds
Number of updated asset objects reloaded before import = 0
Number of asset objects unloaded after import = 2
========================================================================
Received Import Request.
  Time since last request: 0.000228 seconds.
  path: Assets/Handpainted_Grass_and_Ground_Textures/Textures/Grass/Grass_swamp_lighted/Grass_swamp_lighted_up.png
  artifactKey: Guid(388f2f1cf74926b4b87216b23523d64d) Importer(815301076,1909f56bfc062723c751e8b465ee728b)
Start importing Assets/Handpainted_Grass_and_Ground_Textures/Textures/Grass/Grass_swamp_lighted/Grass_swamp_lighted_up.png using Guid(388f2f1cf74926b4b87216b23523d64d) Importer(815301076,1909f56bfc062723c751e8b465ee728b)  -> (artifact id: '3a5582baeb771814a1d7b26de0459784') in 0.031131 seconds
Number of updated asset objects reloaded before import = 0
Number of asset objects unloaded after import = 2
========================================================================
Received Import Request.
  Time since last request: 0.002678 seconds.
  path: Assets/Handpainted_Grass_and_Ground_Textures/Textures/Grass/Grass_swamp_normal/Grass_swamp_normal_down.png
  artifactKey: Guid(b30ef1b99587eb844b863df6c6535bd7) Importer(815301076,1909f56bfc062723c751e8b465ee728b)
Start importing Assets/Handpainted_Grass_and_Ground_Textures/Textures/Grass/Grass_swamp_normal/Grass_swamp_normal_down.png using Guid(b30ef1b99587eb844b863df6c6535bd7) Importer(815301076,1909f56bfc062723c751e8b465ee728b)  -> (artifact id: '2fdadd8aee27c46782e201c8d2294f6b') in 0.028707 seconds
Number of updated asset objects reloaded before import = 0
Number of asset objects unloaded after import = 2
========================================================================
Received Import Request.
  Time since last request: 0.232140 seconds.
  path: Assets/Handpainted_Grass_and_Ground_Textures/Textures/Grass/Grass_swamp_normal/Grass_swamp_normal_right.png
  artifactKey: Guid(b3fa58fc580ef1b4f8cd17e8a49af808) Importer(815301076,1909f56bfc062723c751e8b465ee728b)
Start importing Assets/Handpainted_Grass_and_Ground_Textures/Textures/Grass/Grass_swamp_normal/Grass_swamp_normal_right.png using Guid(b3fa58fc580ef1b4f8cd17e8a49af808) Importer(815301076,1909f56bfc062723c751e8b465ee728b)  -> (artifact id: 'e561dab917f135fb7f77f863ed7dbab6') in 0.022269 seconds
Number of updated asset objects reloaded before import = 0
Number of asset objects unloaded after import = 2
========================================================================
Received Import Request.
  Time since last request: 0.239118 seconds.
  path: Assets/Handpainted_Grass_and_Ground_Textures/Textures/Snow/snow_dark.png
  artifactKey: Guid(168ed7b3c5d0c8f438a62bbfbb32514a) Importer(815301076,1909f56bfc062723c751e8b465ee728b)
Start importing Assets/Handpainted_Grass_and_Ground_Textures/Textures/Snow/snow_dark.png using Guid(168ed7b3c5d0c8f438a62bbfbb32514a) Importer(815301076,1909f56bfc062723c751e8b465ee728b)  -> (artifact id: '5d479ee033253d3653a918270c5dea38') in 0.021868 seconds
Number of updated asset objects reloaded before import = 0
Number of asset objects unloaded after import = 2
========================================================================
Received Import Request.
  Time since last request: 0.000095 seconds.
  path: Assets/Handpainted_Grass_and_Ground_Textures/Textures/Snow/snow_dark_step_001.png
  artifactKey: Guid(480fe2806ca582249bb9e199a21335b6) Importer(815301076,1909f56bfc062723c751e8b465ee728b)
Start importing Assets/Handpainted_Grass_and_Ground_Textures/Textures/Snow/snow_dark_step_001.png using Guid(480fe2806ca582249bb9e199a21335b6) Importer(815301076,1909f56bfc062723c751e8b465ee728b)  -> (artifact id: '62e33dbbf8c768891eb4cc2a70f237ce') in 0.023978 seconds
Number of updated asset objects reloaded before import = 0
Number of asset objects unloaded after import = 2
========================================================================
Received Import Request.
  Time since last request: 0.033652 seconds.
  path: Assets/Handpainted_Grass_and_Ground_Textures/Textures/Snow/snow_dark_step_005.png
  artifactKey: Guid(cdf5143628bf7444ea06f268c1cfddb4) Importer(815301076,1909f56bfc062723c751e8b465ee728b)
Start importing Assets/Handpainted_Grass_and_Ground_Textures/Textures/Snow/snow_dark_step_005.png using Guid(cdf5143628bf7444ea06f268c1cfddb4) Importer(815301076,1909f56bfc062723c751e8b465ee728b)  -> (artifact id: '44e9e82faf12b394b9681188b4696501') in 0.023910 seconds
Number of updated asset objects reloaded before import = 0
Number of asset objects unloaded after import = 2
========================================================================
Received Import Request.
  Time since last request: 96.659647 seconds.
  path: Assets/LowPolyWater_Pack/Plane Meshes
  artifactKey: Guid(3cf44bedfd04535428eb215dfe3cbe2d) Importer(815301076,1909f56bfc062723c751e8b465ee728b)
Start importing Assets/LowPolyWater_Pack/Plane Meshes using Guid(3cf44bedfd04535428eb215dfe3cbe2d) Importer(815301076,1909f56bfc062723c751e8b465ee728b)  -> (artifact id: 'a3408132f1089bacefd6ddfd5dc1e7be') in 0.000915 seconds
Number of updated asset objects reloaded before import = 0
Number of asset objects unloaded after import = 0
========================================================================
Received Import Request.
  Time since last request: 0.177994 seconds.
  path: Assets/LowPolyWater_Pack/Plane Meshes/Ocean50x50W750H750.asset
  artifactKey: Guid(ebfb4988eb16add4784122504f75fe2f) Importer(815301076,1909f56bfc062723c751e8b465ee728b)
Start importing Assets/LowPolyWater_Pack/Plane Meshes/Ocean50x50W750H750.asset using Guid(ebfb4988eb16add4784122504f75fe2f) Importer(815301076,1909f56bfc062723c751e8b465ee728b)  -> (artifact id: '0b83f53db3be36942fd161c4de4e30dc') in 0.021845 seconds
Number of updated asset objects reloaded before import = 0
Number of asset objects unloaded after import = 2
========================================================================
Received Import Request.
  Time since last request: 3.444624 seconds.
  path: Assets/LowPolyWater_Pack/_Demo
  artifactKey: Guid(b5f8a0e7878d0e3478bda48d5ffc421c) Importer(815301076,1909f56bfc062723c751e8b465ee728b)
Start importing Assets/LowPolyWater_Pack/_Demo using Guid(b5f8a0e7878d0e3478bda48d5ffc421c) Importer(815301076,1909f56bfc062723c751e8b465ee728b)  -> (artifact id: '63db1b29250b7afccc9708abe0f1562c') in 0.000515 seconds
Number of updated asset objects reloaded before import = 0
Number of asset objects unloaded after import = 0
========================================================================
Received Import Request.
  Time since last request: 0.515692 seconds.
  path: Assets/LowPolyWater_Pack/Animation
  artifactKey: Guid(b5ceb4c51f4752241b2e08f466421a7d) Importer(815301076,1909f56bfc062723c751e8b465ee728b)
Start importing Assets/LowPolyWater_Pack/Animation using Guid(b5ceb4c51f4752241b2e08f466421a7d) Importer(815301076,1909f56bfc062723c751e8b465ee728b)  -> (artifact id: 'c6a1f2785a432509013f6f8b9dba16fa') in 0.000531 seconds
Number of updated asset objects reloaded before import = 0
Number of asset objects unloaded after import = 0
========================================================================
Received Import Request.
  Time since last request: 2.242589 seconds.
  path: Assets/LowPolyWater_Pack/Documentation
  artifactKey: Guid(a085c41d7ae268a488eb40c08ef2bb9e) Importer(815301076,1909f56bfc062723c751e8b465ee728b)
Start importing Assets/LowPolyWater_Pack/Documentation using Guid(a085c41d7ae268a488eb40c08ef2bb9e) Importer(815301076,1909f56bfc062723c751e8b465ee728b)  -> (artifact id: '5c9b26ae5ed492dc2595cc96063524bb') in 0.000497 seconds
Number of updated asset objects reloaded before import = 0
Number of asset objects unloaded after import = 0
========================================================================
Received Import Request.
  Time since last request: 1.799999 seconds.
  path: Assets/LowPolyWater_Pack/Textures
  artifactKey: Guid(4b28456b986a9d349b1308694aab876a) Importer(815301076,1909f56bfc062723c751e8b465ee728b)
Start importing Assets/LowPolyWater_Pack/Textures using Guid(4b28456b986a9d349b1308694aab876a) Importer(815301076,1909f56bfc062723c751e8b465ee728b)  -> (artifact id: 'cfcfebe1be203dbd8b9c0bd84a872404') in 0.000462 seconds
Number of updated asset objects reloaded before import = 0
Number of asset objects unloaded after import = 0
========================================================================
Received Prepare
Begin MonoManager ReloadAssembly
Symbol file LoadedFromMemory doesn't match image C:\Users\syh\My project\Library\PackageCache\com.unity.visualscripting@1.8.0\Editor\VisualScripting.Core\Dependencies\YamlDotNet\Unity.VisualScripting.YamlDotNet.dll
Symbol file LoadedFromMemory doesn't match image C:\Users\syh\My project\Library\PackageCache\com.unity.visualscripting@1.8.0\Editor\VisualScripting.Core\Dependencies\DotNetZip\Unity.VisualScripting.IonicZip.dll
- Loaded All Assemblies, in  0.571 seconds
Refreshing native plugins compatible for Editor in 2.26 ms, found 3 plugins.
Native extension for WindowsStandalone target not found
Mono: successfully reloaded assembly
- Finished resetting the current domain, in  0.578 seconds
Domain Reload Profiling: 1147ms
	BeginReloadAssembly (131ms)
		ExecutionOrderSort (0ms)
		DisableScriptedObjects (3ms)
		BackupInstance (0ms)
		ReleaseScriptingObjects (0ms)
		CreateAndSetChildDomain (45ms)
	RebuildCommonClasses (24ms)
	RebuildNativeTypeToScriptingClass (8ms)
	initialDomainReloadingComplete (24ms)
	LoadAllAssembliesAndSetupDomain (383ms)
		LoadAssemblies (235ms)
		RebuildTransferFunctionScriptingTraits (0ms)
		AnalyzeDomain (198ms)
			TypeCache.Refresh (193ms)
				TypeCache.ScanAssembly (184ms)
			ScanForSourceGeneratedMonoScriptInfo (2ms)
			ResolveRequiredComponents (3ms)
	FinalizeReload (579ms)
		ReleaseScriptCaches (0ms)
		RebuildScriptCaches (0ms)
		SetupLoadedEditorAssemblies (240ms)
			LogAssemblyErrors (0ms)
			InitializePlatformSupportModulesInManaged (5ms)
			SetLoadedEditorAssemblies (3ms)
			RefreshPlugins (0ms)
			BeforeProcessingInitializeOnLoad (42ms)
			ProcessInitializeOnLoadAttributes (173ms)
			ProcessInitializeOnLoadMethodAttributes (12ms)
			AfterProcessingInitializeOnLoad (5ms)
			EditorAssembliesLoaded (0ms)
		ExecutionOrderSort2 (0ms)
		AwakeInstancesAfterBackupRestoration (5ms)
Refreshing native plugins compatible for Editor in 3.73 ms, found 3 plugins.
Preloading 0 native plugins for Editor in 0.00 ms.
Unloading 3214 Unused Serialized files (Serialized files now loaded: 0)
Unloading 22 unused Assets / (31.3 KB). Loaded Objects now: 3766.
Memory consumption went from 133.9 MB to 133.9 MB.
Total: 3.897100 ms (FindLiveObjects: 0.264200 ms CreateObjectMapping: 0.181800 ms MarkObjects: 3.387900 ms  DeleteObjects: 0.062200 ms)

Prepare: number of updated asset objects reloaded= 0
AssetImportParameters requested are different than current active one (requested -> active):
  custom:container-demuxer-ogg: 62fdf1f143b41e24485cea50d1cbac27 -> 
  custom:video-decoder-ogg-theora: a1e56fd34408186e4bbccfd4996cb3dc -> 
  custom:framework-win-MediaFoundation: 216162199b28c13a410421893ffa2e32 -> 
  custom:CustomObjectIndexerAttribute: 756ad292c208cfabdd7b50bc23989ffe -> 
  custom:container-demuxer-webm: 4f35f7cbe854078d1ac9338744f61a02 -> 
  custom:container-muxer-webm: aa71ff27fc2769a1b78a27578f13a17b -> 
  custom:video-decoder-webm-vp8: 9c59270c3fd7afecdb556c50c9e8de78 -> 
  custom:AudioImporter_EditorPlatform: d09bf68614088b80899f8185d706f6e7 -> 
  custom:video-encoder-webm-vp8: eb34c28f22e8b96e1ab97ce403110664 -> 
  custom:audio-decoder-ogg-vorbis: bf7c407c2cedff20999df2af8eb42d56 -> 
  custom:audio-encoder-webm-vorbis: bf7c407c2cedff20999df2af8eb42d56 -> 
========================================================================
Received Import Request.
  Time since last request: 136.934095 seconds.
  path: Assets/SimpleNaturePack
  artifactKey: Guid(30341396a589664418cb8e33d2b6dc29) Importer(815301076,1909f56bfc062723c751e8b465ee728b)
Start importing Assets/SimpleNaturePack using Guid(30341396a589664418cb8e33d2b6dc29) Importer(815301076,1909f56bfc062723c751e8b465ee728b)  -> (artifact id: '1f481c92a12412f5835d9d6ced1de1fc') in 0.003346 seconds
Number of updated asset objects reloaded before import = 0
Number of asset objects unloaded after import = 0
========================================================================
Received Import Request.
  Time since last request: 9.728468 seconds.
  path: Assets/New Terrain.asset
  artifactKey: Guid(c218cea6ffe17c5409791ced6c0749df) Importer(815301076,1909f56bfc062723c751e8b465ee728b)
Start importing Assets/New Terrain.asset using Guid(c218cea6ffe17c5409791ced6c0749df) Importer(815301076,1909f56bfc062723c751e8b465ee728b)  -> (artifact id: '318a515c6fa36ccf7928f7677b53ea0c') in 0.052084 seconds
Number of updated asset objects reloaded before import = 0
Number of asset objects unloaded after import = 13
========================================================================
Received Import Request.
  Time since last request: 0.000027 seconds.
  path: Assets/NewLayer 2.terrainlayer
  artifactKey: Guid(8acf47a53cf0410419ad95a0a3ccc0c2) Importer(815301076,1909f56bfc062723c751e8b465ee728b)
Start importing Assets/NewLayer 2.terrainlayer using Guid(8acf47a53cf0410419ad95a0a3ccc0c2) Importer(815301076,1909f56bfc062723c751e8b465ee728b)  -> (artifact id: 'd9df82ed637e9771e705c2ddcd6b10d3') in 0.027672 seconds
Number of updated asset objects reloaded before import = 0
Number of asset objects unloaded after import = 2
========================================================================
Received Import Request.
  Time since last request: 46.398019 seconds.
  path: Assets/AureDevGames
  artifactKey: Guid(57c28678a0b32f54abd9e4f3de273ae5) Importer(815301076,1909f56bfc062723c751e8b465ee728b)
Start importing Assets/AureDevGames using Guid(57c28678a0b32f54abd9e4f3de273ae5) Importer(815301076,1909f56bfc062723c751e8b465ee728b)  -> (artifact id: 'f7d0ea6ab026f96d97697d93c6128222') in 0.000572 seconds
Number of updated asset objects reloaded before import = 0
Number of asset objects unloaded after import = 0
========================================================================
Received Import Request.
  Time since last request: 0.631066 seconds.
  path: Assets/AureDevGames/Water Stylized Shader Orto & Perspective Camera
  artifactKey: Guid(1880f73641eabb445b52afe4fba28d13) Importer(815301076,1909f56bfc062723c751e8b465ee728b)
Start importing Assets/AureDevGames/Water Stylized Shader Orto & Perspective Camera using Guid(1880f73641eabb445b52afe4fba28d13) Importer(815301076,1909f56bfc062723c751e8b465ee728b)  -> (artifact id: '37b0dfa7c2e17f4ffc4b50dfbefb2980') in 0.000460 seconds
Number of updated asset objects reloaded before import = 0
Number of asset objects unloaded after import = 0
========================================================================
Received Import Request.
  Time since last request: 1.383521 seconds.
  path: Assets/AureDevGames/Water Stylized Shader Orto & Perspective Camera/kMirrors
  artifactKey: Guid(4718af2af719774419100e6ca35b2a17) Importer(815301076,1909f56bfc062723c751e8b465ee728b)
Start importing Assets/AureDevGames/Water Stylized Shader Orto & Perspective Camera/kMirrors using Guid(4718af2af719774419100e6ca35b2a17) Importer(815301076,1909f56bfc062723c751e8b465ee728b)  -> (artifact id: '404e174a3f03e013b72f8473c72f510a') in 0.000511 seconds
Number of updated asset objects reloaded before import = 0
Number of asset objects unloaded after import = 0
========================================================================
Received Import Request.
  Time since last request: 0.823571 seconds.
  path: Assets/AureDevGames/Water Stylized Shader Orto & Perspective Camera/kMirrors/Editor
  artifactKey: Guid(91b6875a43543e9459f88d979b41fec1) Importer(815301076,1909f56bfc062723c751e8b465ee728b)
Start importing Assets/AureDevGames/Water Stylized Shader Orto & Perspective Camera/kMirrors/Editor using Guid(91b6875a43543e9459f88d979b41fec1) Importer(815301076,1909f56bfc062723c751e8b465ee728b)  -> (artifact id: 'dfcd1e60e673e0865c40b81ec4ae4352') in 0.000494 seconds
Number of updated asset objects reloaded before import = 0
Number of asset objects unloaded after import = 0
========================================================================
Received Import Request.
  Time since last request: 5.399035 seconds.
  path: Assets/AureDevGames/Water Stylized Shader Orto & Perspective Camera/Prefabs
  artifactKey: Guid(88f7ce5689eb3854e88bc832154576d8) Importer(815301076,1909f56bfc062723c751e8b465ee728b)
Start importing Assets/AureDevGames/Water Stylized Shader Orto & Perspective Camera/Prefabs using Guid(88f7ce5689eb3854e88bc832154576d8) Importer(815301076,1909f56bfc062723c751e8b465ee728b)  -> (artifact id: '71d53ad8691890eb79ee9e00d8cc1f21') in 0.000478 seconds
Number of updated asset objects reloaded before import = 0
Number of asset objects unloaded after import = 0
========================================================================
Received Import Request.
  Time since last request: 0.063749 seconds.
  path: Assets/AureDevGames/Water Stylized Shader Orto & Perspective Camera/Prefabs/BeachBall.prefab
  artifactKey: Guid(64e79ca029f2ea54995d7a5d531c1328) Importer(815301076,1909f56bfc062723c751e8b465ee728b)
Start importing Assets/AureDevGames/Water Stylized Shader Orto & Perspective Camera/Prefabs/BeachBall.prefab using Guid(64e79ca029f2ea54995d7a5d531c1328) Importer(815301076,1909f56bfc062723c751e8b465ee728b)  -> (artifact id: '177edf432ad4f3d1d36d9b28a324547d') in 0.045199 seconds
Number of updated asset objects reloaded before import = 0
Number of asset objects unloaded after import = 14
========================================================================
Received Import Request.
  Time since last request: 0.000019 seconds.
  path: Assets/AureDevGames/Water Stylized Shader Orto & Perspective Camera/Prefabs/RiverEnvironment.prefab
  artifactKey: Guid(b767c2c44a396e843a8ac17a2a831911) Importer(815301076,1909f56bfc062723c751e8b465ee728b)
Start importing Assets/AureDevGames/Water Stylized Shader Orto & Perspective Camera/Prefabs/RiverEnvironment.prefab using Guid(b767c2c44a396e843a8ac17a2a831911) Importer(815301076,1909f56bfc062723c751e8b465ee728b)  -> (artifact id: 'e08c40026b5b6a29208c699af874605b') in 0.067248 seconds
Number of updated asset objects reloaded before import = 0
Number of asset objects unloaded after import = 34
========================================================================
Received Import Request.
  Time since last request: 0.000017 seconds.
  path: Assets/AureDevGames/Water Stylized Shader Orto & Perspective Camera/Prefabs/SeaEnvironmentStylized.prefab
  artifactKey: Guid(f718a10845157ee4da4f4604313f78e8) Importer(815301076,1909f56bfc062723c751e8b465ee728b)
Start importing Assets/AureDevGames/Water Stylized Shader Orto & Perspective Camera/Prefabs/SeaEnvironmentStylized.prefab using Guid(f718a10845157ee4da4f4604313f78e8) Importer(815301076,1909f56bfc062723c751e8b465ee728b)  -> (artifact id: '8a73f45be9a1b63d755bb560ccd0289c') in 0.032234 seconds
Number of updated asset objects reloaded before import = 0
Number of asset objects unloaded after import = 65
========================================================================
Received Import Request.
  Time since last request: 0.000015 seconds.
  path: Assets/AureDevGames/Water Stylized Shader Orto & Perspective Camera/Prefabs/PoisonEnvironment.prefab
  artifactKey: Guid(bcc033eb924ab994caa095cff5b4cf4c) Importer(815301076,1909f56bfc062723c751e8b465ee728b)
Start importing Assets/AureDevGames/Water Stylized Shader Orto & Perspective Camera/Prefabs/PoisonEnvironment.prefab using Guid(bcc033eb924ab994caa095cff5b4cf4c) Importer(815301076,1909f56bfc062723c751e8b465ee728b)  -> (artifact id: 'f81e21ca4938fcb29d29167d27a15b6a') in 0.041529 seconds
Number of updated asset objects reloaded before import = 0
Number of asset objects unloaded after import = 31
========================================================================
Received Prepare
Begin MonoManager ReloadAssembly
Symbol file LoadedFromMemory doesn't match image C:\Users\syh\My project\Library\PackageCache\com.unity.visualscripting@1.8.0\Editor\VisualScripting.Core\Dependencies\YamlDotNet\Unity.VisualScripting.YamlDotNet.dll
Symbol file LoadedFromMemory doesn't match image C:\Users\syh\My project\Library\PackageCache\com.unity.visualscripting@1.8.0\Editor\VisualScripting.Core\Dependencies\DotNetZip\Unity.VisualScripting.IonicZip.dll
- Loaded All Assemblies, in  0.622 seconds
Refreshing native plugins compatible for Editor in 2.62 ms, found 3 plugins.
Native extension for WindowsStandalone target not found
Mono: successfully reloaded assembly
- Finished resetting the current domain, in  0.609 seconds
Domain Reload Profiling: 1228ms
	BeginReloadAssembly (137ms)
		ExecutionOrderSort (0ms)
		DisableScriptedObjects (3ms)
		BackupInstance (0ms)
		ReleaseScriptingObjects (0ms)
		CreateAndSetChildDomain (38ms)
	RebuildCommonClasses (28ms)
	RebuildNativeTypeToScriptingClass (9ms)
	initialDomainReloadingComplete (25ms)
	LoadAllAssembliesAndSetupDomain (420ms)
		LoadAssemblies (236ms)
		RebuildTransferFunctionScriptingTraits (0ms)
		AnalyzeDomain (246ms)
			TypeCache.Refresh (242ms)
				TypeCache.ScanAssembly (233ms)
			ScanForSourceGeneratedMonoScriptInfo (0ms)
			ResolveRequiredComponents (3ms)
	FinalizeReload (609ms)
		ReleaseScriptCaches (0ms)
		RebuildScriptCaches (0ms)
		SetupLoadedEditorAssemblies (243ms)
			LogAssemblyErrors (0ms)
			InitializePlatformSupportModulesInManaged (4ms)
			SetLoadedEditorAssemblies (2ms)
			RefreshPlugins (0ms)
			BeforeProcessingInitializeOnLoad (43ms)
			ProcessInitializeOnLoadAttributes (174ms)
			ProcessInitializeOnLoadMethodAttributes (14ms)
			AfterProcessingInitializeOnLoad (5ms)
			EditorAssembliesLoaded (0ms)
		ExecutionOrderSort2 (0ms)
		AwakeInstancesAfterBackupRestoration (5ms)
Refreshing native plugins compatible for Editor in 4.13 ms, found 3 plugins.
Preloading 0 native plugins for Editor in 0.00 ms.
Unloading 3214 Unused Serialized files (Serialized files now loaded: 0)
Unloading 22 unused Assets / (30.7 KB). Loaded Objects now: 3771.
Memory consumption went from 134.0 MB to 134.0 MB.
Total: 4.407200 ms (FindLiveObjects: 0.288700 ms CreateObjectMapping: 0.177700 ms MarkObjects: 3.831400 ms  DeleteObjects: 0.107000 ms)

Prepare: number of updated asset objects reloaded= 0
AssetImportParameters requested are different than current active one (requested -> active):
  custom:container-demuxer-ogg: 62fdf1f143b41e24485cea50d1cbac27 -> 
  custom:video-decoder-ogg-theora: a1e56fd34408186e4bbccfd4996cb3dc -> 
  custom:framework-win-MediaFoundation: 216162199b28c13a410421893ffa2e32 -> 
  custom:CustomObjectIndexerAttribute: 756ad292c208cfabdd7b50bc23989ffe -> 
  custom:container-demuxer-webm: 4f35f7cbe854078d1ac9338744f61a02 -> 
  custom:container-muxer-webm: aa71ff27fc2769a1b78a27578f13a17b -> 
  custom:video-decoder-webm-vp8: 9c59270c3fd7afecdb556c50c9e8de78 -> 
  custom:AudioImporter_EditorPlatform: d09bf68614088b80899f8185d706f6e7 -> 
  custom:video-encoder-webm-vp8: eb34c28f22e8b96e1ab97ce403110664 -> 
  custom:audio-decoder-ogg-vorbis: bf7c407c2cedff20999df2af8eb42d56 -> 
  custom:audio-encoder-webm-vorbis: bf7c407c2cedff20999df2af8eb42d56 -> 
Editor requested this worker to shutdown with reason: Scaling down because of idle timeout
TcpMessagingSession - receive error: operation aborted. errorcode: 995, details: The I/O operation has been aborted because of either a thread exit or an application request.
AssetImportWorker is now disconnected from the server
Process exiting
Exiting without the bug reporter. Application will terminate with return code 0